0.7798 	WARNING 	We strongly recommend you activate the PTB sound engine in PsychoPy prefs as the preferred audio engine. Its timing is vastly superior. Your prefs are currently set to use ['sounddevice', 'PTB', 'pyo', 'pygame'] (in that order).
3.5467 	EXP 	Created window1 = Window(allowGUI=True, allowStencil=False, autoLog=True, backendConf=UNKNOWN, bitsMode=UNKNOWN, blendMode='avg', bpc=(8, 8, 8), color=array([0, 0, 0]), colorSpace='rgb', depthBits=8, fullscr=<method-wrapper '__getattribute__' of attributeSetter object at 0x7f89d46b2790>, gamma=None, gammaErrorPolicy='raise', lms=UNKNOWN, monitor=<psychopy.monitors.calibTools.Monitor object at 0x7f89738e7970>, multiSample=False, name='window1', numSamples=2, pos=(495, 343), screen=0, size=array([1920, 1080]), stencilBits=0, stereo=False, units='height', useFBO=True, useRetina=True, viewOri=0.0, viewPos=None, viewScale=None, waitBlanking=True, winType='pyglet')
3.5470 	EXP 	window1: mouseVisible = True
3.5471 	EXP 	window1: mouseVisible = True
3.5471 	EXP 	window1: Attempting to measure frame rate of screen (0) ...
3.5471 	EXP 	window1: recordFrameIntervals = False
3.7131 	EXP 	window1: recordFrameIntervals = True
3.8976 	EXP 	Screen (0) actual frame rate measured at 59.72Hz
3.8977 	EXP 	window1: recordFrameIntervals = False
3.9462 	WARNING 	launchHubServer: If using the iohub mouse or eyetracker devices, fullScr should be True.
5.3344 	EXP 	Created triggerSyncText = TextStim(__class__=<class 'psychopy.visual.text.TextStim'>, alignHoriz=method-wrapper(...), alignText='center', alignVert=method-wrapper(...), anchorHoriz='center', anchorVert='center', antialias=True, autoDraw=False, autoLog=True, bold=False, color=array([1, 1, 1]), colorSpace='rgb', contrast=1.0, depth=-1.0, flipHoriz=False, flipVert=False, font='Arial', fontFiles=[], height=0.05, italic=False, languageStyle='LTR', name='triggerSyncText', opacity=1.0, ori=0.0, pos=array([0., 0.]), rgb=UNKNOWN, text='', units='height', win=Window(...), wrapWidth=1)
5.3348 	EXP 	Created InstructionText = TextStim(__class__=<class 'psychopy.visual.text.TextStim'>, alignHoriz=method-wrapper(...), alignText='center', alignVert=method-wrapper(...), anchorHoriz='center', anchorVert='center', antialias=True, autoDraw=False, autoLog=True, bold=False, color=array([1, 1, 1]), colorSpace='rgb', contrast=1.0, depth=-1.0, flipHoriz=False, flipVert=False, font='Arial', fontFiles=[], height=0.05, italic=False, languageStyle='LTR', name='InstructionText', opacity=1.0, ori=0.0, pos=array([0., 0.]), rgb=UNKNOWN, text='', units='height', win=Window(...), wrapWidth=1)
5.3391 	EXP 	Created encodeTrialRun1_Image = ImageStim(__class__=<class 'psychopy.visual.image.ImageStim'>, anchor=('center', 'center'), autoLog=True, color=array([1, 1, 1]), colorSpace='rgb', contrast=1.0, depth=-1.0, flipHoriz=False, flipVert=False, image='sin', interpolate=True, mask=None, maskParams=None, name='encodeTrialRun1_Image', opacity=1.0, ori=0.0, pos=array([0., 0.]), size=array([1.33, 1.  ]), texRes=128.0, units='height', win=Window(...))
5.3415 	EXP 	Created encodeFixationText_Run1 = TextStim(__class__=<class 'psychopy.visual.text.TextStim'>, alignHoriz=method-wrapper(...), alignText='center', alignVert=method-wrapper(...), anchorHoriz='center', anchorVert='center', antialias=True, autoDraw=False, autoLog=True, bold=False, color=array([1, 1, 1]), colorSpace='rgb', contrast=1.0, depth=-2.0, flipHoriz=False, flipVert=False, font='Open Sans', fontFiles=[], height=0.05, italic=False, languageStyle='LTR', name='encodeFixationText_Run1', opacity=1.0, ori=0.0, pos=array([0., 0.]), rgb=UNKNOWN, text='', units='height', win=Window(...), wrapWidth=1)
5.3418 	EXP 	Created InstructionText = TextStim(__class__=<class 'psychopy.visual.text.TextStim'>, alignHoriz=method-wrapper(...), alignText='center', alignVert=method-wrapper(...), anchorHoriz='center', anchorVert='center', antialias=True, autoDraw=False, autoLog=True, bold=False, color=array([1, 1, 1]), colorSpace='rgb', contrast=1.0, depth=-1.0, flipHoriz=False, flipVert=False, font='Arial', fontFiles=[], height=0.05, italic=False, languageStyle='LTR', name='InstructionText', opacity=1.0, ori=0.0, pos=array([0., 0.]), rgb=UNKNOWN, text='', units='height', win=Window(...), wrapWidth=1)
5.3443 	EXP 	Created recogTrialRun1_Image = ImageStim(__class__=<class 'psychopy.visual.image.ImageStim'>, anchor=('center', 'center'), autoLog=True, color=array([1, 1, 1]), colorSpace='rgb', contrast=1.0, depth=-1.0, flipHoriz=False, flipVert=False, image='sin', interpolate=True, mask=None, maskParams=None, name='recogTrialRun1_Image', opacity=1.0, ori=0.0, pos=array([0., 0.]), size=array([1.33, 1.  ]), texRes=128.0, units='height', win=Window(...))
5.3446 	EXP 	Created recogFixationText_Run1 = TextStim(__class__=<class 'psychopy.visual.text.TextStim'>, alignHoriz=method-wrapper(...), alignText='center', alignVert=method-wrapper(...), anchorHoriz='center', anchorVert='center', antialias=True, autoDraw=False, autoLog=True, bold=False, color=array([1, 1, 1]), colorSpace='rgb', contrast=1.0, depth=-2.0, flipHoriz=False, flipVert=False, font='Open Sans', fontFiles=[], height=0.05, italic=False, languageStyle='LTR', name='recogFixationText_Run1', opacity=1.0, ori=0.0, pos=array([0., 0.]), rgb=UNKNOWN, text='', units='height', win=Window(...), wrapWidth=1)
5.3456 	EXP 	Created sequence: sequential, trialTypes=1, nReps=1, seed=None
5.3458 	EXP 	New trial (rep=0, index=0): None
5.3698 	EXP 	triggerSyncText: height = 0.05
5.3698 	EXP 	triggerSyncText: height = 0.05
5.3698 	EXP 	triggerSyncText: height = 0.05
5.3698 	EXP 	triggerSyncText: text = 'Waiting for scanner...'
5.3698 	EXP 	triggerSyncText: autoDraw = True
5.7859 	EXP 	Created sequence: sequential, trialTypes=1, nReps=1, seed=None
5.7861 	EXP 	New trial (rep=0, index=0): None
5.7983 	DATA 	Keypress: 5
5.8004 	EXP 	triggerSyncText: autoDraw = False
5.8004 	EXP 	InstructionText: autoDraw = True
15.7965 	EXP 	Created sequence: sequential, trialTypes=1, nReps=12, seed=None
15.7969 	EXP 	New trial (rep=0, index=0): None
15.8253 	EXP 	InstructionText: autoDraw = False
15.8253 	EXP 	encodeTrialRun1_Image: autoDraw = True
16.7952 	EXP 	encodeFixationText_Run1: autoDraw = True
16.8281 	EXP 	encodeTrialRun1_Image: autoDraw = False
18.7805 	EXP 	New trial (rep=1, index=0): None
18.7951 	EXP 	encodeFixationText_Run1: autoDraw = False
18.7951 	EXP 	encodeTrialRun1_Image: autoDraw = False
18.7951 	EXP 	encodeFixationText_Run1: autoDraw = False
18.7951 	EXP 	encodeTrialRun1_Image: autoDraw = True
19.7949 	EXP 	encodeTrialRun1_Image: autoDraw = False
19.7949 	EXP 	encodeFixationText_Run1: autoDraw = True
21.7803 	EXP 	New trial (rep=2, index=0): None
21.7957 	EXP 	encodeFixationText_Run1: autoDraw = False
21.7957 	EXP 	encodeTrialRun1_Image: autoDraw = False
21.7957 	EXP 	encodeFixationText_Run1: autoDraw = False
21.7957 	EXP 	encodeTrialRun1_Image: autoDraw = True
22.7952 	EXP 	encodeTrialRun1_Image: autoDraw = False
22.7952 	EXP 	encodeFixationText_Run1: autoDraw = True
24.7802 	EXP 	New trial (rep=3, index=0): None
24.7961 	EXP 	encodeFixationText_Run1: autoDraw = False
24.7961 	EXP 	encodeTrialRun1_Image: autoDraw = False
24.7961 	EXP 	encodeFixationText_Run1: autoDraw = False
24.7961 	EXP 	encodeTrialRun1_Image: autoDraw = True
25.7949 	EXP 	encodeFixationText_Run1: autoDraw = True
25.8113 	EXP 	encodeTrialRun1_Image: autoDraw = False
27.7800 	EXP 	New trial (rep=4, index=0): None
27.7959 	EXP 	encodeFixationText_Run1: autoDraw = False
27.7959 	EXP 	encodeTrialRun1_Image: autoDraw = False
27.7959 	EXP 	encodeFixationText_Run1: autoDraw = False
27.7959 	EXP 	encodeTrialRun1_Image: autoDraw = True
28.7949 	EXP 	encodeTrialRun1_Image: autoDraw = False
28.7949 	EXP 	encodeFixationText_Run1: autoDraw = True
30.7804 	EXP 	New trial (rep=5, index=0): None
30.7955 	EXP 	encodeFixationText_Run1: autoDraw = False
30.7955 	EXP 	encodeTrialRun1_Image: autoDraw = False
30.7955 	EXP 	encodeFixationText_Run1: autoDraw = False
30.7955 	EXP 	encodeTrialRun1_Image: autoDraw = True
31.7953 	EXP 	encodeTrialRun1_Image: autoDraw = False
31.7953 	EXP 	encodeFixationText_Run1: autoDraw = True
33.7806 	EXP 	New trial (rep=6, index=0): None
33.7949 	EXP 	encodeFixationText_Run1: autoDraw = False
33.7949 	EXP 	encodeTrialRun1_Image: autoDraw = False
33.7949 	EXP 	encodeFixationText_Run1: autoDraw = False
33.7949 	EXP 	encodeTrialRun1_Image: autoDraw = True
34.7952 	EXP 	encodeTrialRun1_Image: autoDraw = False
34.7952 	EXP 	encodeFixationText_Run1: autoDraw = True
36.7804 	EXP 	New trial (rep=7, index=0): None
36.7960 	EXP 	encodeFixationText_Run1: autoDraw = False
36.7960 	EXP 	encodeTrialRun1_Image: autoDraw = False
36.7960 	EXP 	encodeFixationText_Run1: autoDraw = False
36.7960 	EXP 	encodeTrialRun1_Image: autoDraw = True
37.7952 	EXP 	encodeTrialRun1_Image: autoDraw = False
37.7952 	EXP 	encodeFixationText_Run1: autoDraw = True
39.7804 	EXP 	New trial (rep=8, index=0): None
39.7951 	EXP 	encodeFixationText_Run1: autoDraw = False
39.7951 	EXP 	encodeTrialRun1_Image: autoDraw = False
39.7951 	EXP 	encodeFixationText_Run1: autoDraw = False
39.7951 	EXP 	encodeTrialRun1_Image: autoDraw = True
40.7953 	EXP 	encodeTrialRun1_Image: autoDraw = False
40.7953 	EXP 	encodeFixationText_Run1: autoDraw = True
42.7803 	EXP 	New trial (rep=9, index=0): None
42.7953 	EXP 	encodeFixationText_Run1: autoDraw = False
42.7953 	EXP 	encodeTrialRun1_Image: autoDraw = False
42.7953 	EXP 	encodeFixationText_Run1: autoDraw = False
42.7953 	EXP 	encodeTrialRun1_Image: autoDraw = True
43.7951 	EXP 	encodeTrialRun1_Image: autoDraw = False
43.7951 	EXP 	encodeFixationText_Run1: autoDraw = True
45.7808 	EXP 	New trial (rep=10, index=0): None
45.7957 	EXP 	encodeFixationText_Run1: autoDraw = False
45.7957 	EXP 	encodeTrialRun1_Image: autoDraw = False
45.7957 	EXP 	encodeFixationText_Run1: autoDraw = False
45.7957 	EXP 	encodeTrialRun1_Image: autoDraw = True
46.7963 	EXP 	encodeTrialRun1_Image: autoDraw = False
46.7963 	EXP 	encodeFixationText_Run1: autoDraw = True
48.7800 	EXP 	New trial (rep=11, index=0): None
48.7949 	EXP 	encodeFixationText_Run1: autoDraw = False
48.7949 	EXP 	encodeTrialRun1_Image: autoDraw = False
48.7949 	EXP 	encodeFixationText_Run1: autoDraw = False
48.7949 	EXP 	encodeTrialRun1_Image: autoDraw = True
49.7951 	EXP 	encodeTrialRun1_Image: autoDraw = False
49.7951 	EXP 	encodeFixationText_Run1: autoDraw = True
51.7950 	EXP 	encodeFixationText_Run1: autoDraw = False
51.7950 	EXP 	encodeTrialRun1_Image: autoDraw = False
51.7950 	EXP 	encodeFixationText_Run1: autoDraw = False
51.7950 	EXP 	InstructionText: autoDraw = True
61.7802 	EXP 	Created sequence: sequential, trialTypes=1, nReps=12, seed=None
61.7805 	EXP 	New trial (rep=0, index=0): None
61.7961 	EXP 	InstructionText: autoDraw = False
61.7961 	EXP 	InstructionText: autoDraw = False
61.7961 	EXP 	recogTrialRun1_Image: autoDraw = True
62.7950 	EXP 	recogTrialRun1_Image: autoDraw = False
62.7950 	EXP 	recogFixationText_Run1: autoDraw = True
64.7804 	EXP 	New trial (rep=1, index=0): None
64.7955 	EXP 	recogFixationText_Run1: autoDraw = False
64.7955 	EXP 	recogTrialRun1_Image: autoDraw = False
64.7955 	EXP 	recogFixationText_Run1: autoDraw = False
64.7955 	EXP 	recogTrialRun1_Image: autoDraw = True
65.7951 	EXP 	recogTrialRun1_Image: autoDraw = False
65.7951 	EXP 	recogFixationText_Run1: autoDraw = True
67.7801 	EXP 	New trial (rep=2, index=0): None
67.7949 	EXP 	recogFixationText_Run1: autoDraw = False
67.7949 	EXP 	recogTrialRun1_Image: autoDraw = False
67.7949 	EXP 	recogFixationText_Run1: autoDraw = False
67.7949 	EXP 	recogTrialRun1_Image: autoDraw = True
68.7951 	EXP 	recogTrialRun1_Image: autoDraw = False
68.7951 	EXP 	recogFixationText_Run1: autoDraw = True
70.7799 	EXP 	New trial (rep=3, index=0): None
70.7950 	EXP 	recogFixationText_Run1: autoDraw = False
70.7950 	EXP 	recogTrialRun1_Image: autoDraw = False
70.7950 	EXP 	recogFixationText_Run1: autoDraw = False
70.7950 	EXP 	recogTrialRun1_Image: autoDraw = True
71.7951 	EXP 	recogTrialRun1_Image: autoDraw = False
71.7951 	EXP 	recogFixationText_Run1: autoDraw = True
73.7804 	EXP 	New trial (rep=4, index=0): None
73.7952 	EXP 	recogFixationText_Run1: autoDraw = False
73.7952 	EXP 	recogTrialRun1_Image: autoDraw = False
73.7952 	EXP 	recogFixationText_Run1: autoDraw = False
73.7952 	EXP 	recogTrialRun1_Image: autoDraw = True
74.7949 	EXP 	recogTrialRun1_Image: autoDraw = False
74.7949 	EXP 	recogFixationText_Run1: autoDraw = True
76.7802 	EXP 	New trial (rep=5, index=0): None
76.7955 	EXP 	recogFixationText_Run1: autoDraw = False
76.7955 	EXP 	recogTrialRun1_Image: autoDraw = False
76.7955 	EXP 	recogFixationText_Run1: autoDraw = False
76.7955 	EXP 	recogTrialRun1_Image: autoDraw = True
77.7945 	EXP 	recogTrialRun1_Image: autoDraw = False
77.7945 	EXP 	recogFixationText_Run1: autoDraw = True
79.7800 	EXP 	New trial (rep=6, index=0): None
79.7953 	EXP 	recogFixationText_Run1: autoDraw = False
79.7953 	EXP 	recogTrialRun1_Image: autoDraw = False
79.7953 	EXP 	recogFixationText_Run1: autoDraw = False
79.7953 	EXP 	recogTrialRun1_Image: autoDraw = True
80.7948 	EXP 	recogTrialRun1_Image: autoDraw = False
80.7948 	EXP 	recogFixationText_Run1: autoDraw = True
82.7800 	EXP 	New trial (rep=7, index=0): None
82.7947 	EXP 	recogFixationText_Run1: autoDraw = False
82.7947 	EXP 	recogTrialRun1_Image: autoDraw = False
82.7947 	EXP 	recogFixationText_Run1: autoDraw = False
82.7947 	EXP 	recogTrialRun1_Image: autoDraw = True
83.7949 	EXP 	recogTrialRun1_Image: autoDraw = False
83.7949 	EXP 	recogFixationText_Run1: autoDraw = True
85.7799 	EXP 	New trial (rep=8, index=0): None
85.7949 	EXP 	recogFixationText_Run1: autoDraw = False
85.7949 	EXP 	recogTrialRun1_Image: autoDraw = False
85.7949 	EXP 	recogFixationText_Run1: autoDraw = False
85.7949 	EXP 	recogTrialRun1_Image: autoDraw = True
86.7948 	EXP 	recogTrialRun1_Image: autoDraw = False
86.7948 	EXP 	recogFixationText_Run1: autoDraw = True
88.7804 	EXP 	New trial (rep=9, index=0): None
88.7954 	EXP 	recogFixationText_Run1: autoDraw = False
88.7954 	EXP 	recogTrialRun1_Image: autoDraw = False
88.7954 	EXP 	recogFixationText_Run1: autoDraw = False
88.7954 	EXP 	recogTrialRun1_Image: autoDraw = True
89.7948 	EXP 	recogTrialRun1_Image: autoDraw = False
89.7948 	EXP 	recogFixationText_Run1: autoDraw = True
91.7801 	EXP 	New trial (rep=10, index=0): None
91.7950 	EXP 	recogFixationText_Run1: autoDraw = False
91.7950 	EXP 	recogTrialRun1_Image: autoDraw = False
91.7950 	EXP 	recogFixationText_Run1: autoDraw = False
91.7950 	EXP 	recogTrialRun1_Image: autoDraw = True
92.7948 	EXP 	recogTrialRun1_Image: autoDraw = False
92.7948 	EXP 	recogFixationText_Run1: autoDraw = True
94.7798 	EXP 	New trial (rep=11, index=0): None
94.7955 	EXP 	recogFixationText_Run1: autoDraw = False
94.7955 	EXP 	recogTrialRun1_Image: autoDraw = False
94.7955 	EXP 	recogFixationText_Run1: autoDraw = False
94.7955 	EXP 	recogTrialRun1_Image: autoDraw = True
95.7949 	EXP 	recogTrialRun1_Image: autoDraw = False
95.7949 	EXP 	recogFixationText_Run1: autoDraw = True
97.7957 	EXP 	recogFixationText_Run1: autoDraw = False
97.7957 	EXP 	recogTrialRun1_Image: autoDraw = False
97.7957 	EXP 	recogFixationText_Run1: autoDraw = False
97.8122 	EXP 	window1: mouseVisible = True
