0.8051 	WARNING 	We strongly recommend you activate the PTB sound engine in PsychoPy prefs as the preferred audio engine. Its timing is vastly superior. Your prefs are currently set to use ['sounddevice', 'PTB', 'pyo', 'pygame'] (in that order).
4.2655 	EXP 	Created window1 = Window(allowGUI=True, allowStencil=False, autoLog=True, backendConf=UNKNOWN, bitsMode=UNKNOWN, blendMode='avg', bpc=(8, 8, 8), color=array([0, 0, 0]), colorSpace='rgb', depthBits=8, fullscr=<method-wrapper '__getattribute__' of attributeSetter object at 0x7fa24be33640>, gamma=None, gammaErrorPolicy='raise', lms=UNKNOWN, monitor=<psychopy.monitors.calibTools.Monitor object at 0x7fa1dce7b880>, multiSample=False, name='window1', numSamples=2, pos=(495, 343), screen=0, size=array([1920, 1080]), stencilBits=0, stereo=False, units='height', useFBO=True, useRetina=True, viewOri=0.0, viewPos=None, viewScale=None, waitBlanking=True, winType='pyglet')
4.2658 	EXP 	window1: mouseVisible = True
4.2660 	EXP 	window1: mouseVisible = True
4.2661 	EXP 	window1: Attempting to measure frame rate of screen (0) ...
4.2661 	EXP 	window1: recordFrameIntervals = False
4.4328 	EXP 	window1: recordFrameIntervals = True
4.6169 	EXP 	Screen (0) actual frame rate measured at 59.63Hz
4.6170 	EXP 	window1: recordFrameIntervals = False
4.6686 	WARNING 	launchHubServer: If using the iohub mouse or eyetracker devices, fullScr should be True.
6.0672 	EXP 	Created triggerSyncText = TextStim(__class__=<class 'psychopy.visual.text.TextStim'>, alignHoriz=method-wrapper(...), alignText='center', alignVert=method-wrapper(...), anchorHoriz='center', anchorVert='center', antialias=True, autoDraw=False, autoLog=True, bold=False, color=array([1, 1, 1]), colorSpace='rgb', contrast=1.0, depth=-1.0, flipHoriz=False, flipVert=False, font='Arial', fontFiles=[], height=0.05, italic=False, languageStyle='LTR', name='triggerSyncText', opacity=1.0, ori=0.0, pos=array([0., 0.]), rgb=UNKNOWN, text='', units='height', win=Window(...), wrapWidth=1)
6.0681 	EXP 	Created sequence: sequential, trialTypes=1, nReps=1, seed=None
6.0682 	EXP 	New trial (rep=0, index=0): None
6.1050 	EXP 	triggerSyncText: height = 0.05
6.1050 	EXP 	triggerSyncText: height = 0.05
6.1050 	EXP 	triggerSyncText: height = 0.05
6.1050 	EXP 	triggerSyncText: text = 'Waiting for scanner...'
6.1050 	EXP 	triggerSyncText: autoDraw = True
6.8349 	EXP 	triggerSyncText: autoDraw = False
6.8435 	EXP 	window1: mouseVisible = True
