0.9686 	WARNING 	We strongly recommend you activate the PTB sound engine in PsychoPy prefs as the preferred audio engine. Its timing is vastly superior. Your prefs are currently set to use ['sounddevice', 'PTB', 'pyo', 'pygame'] (in that order).
5.0451 	EXP 	Created window1 = Window(allowGUI=True, allowStencil=False, autoLog=True, backendConf=UNKNOWN, bitsMode=UNKNOWN, blendMode='avg', bpc=(8, 8, 8), color=array([0, 0, 0]), colorSpace='rgb', depthBits=8, fullscr=<method-wrapper '__getattribute__' of attributeSetter object at 0x7fb59cc39760>, gamma=None, gammaErrorPolicy='raise', lms=UNKNOWN, monitor=<psychopy.monitors.calibTools.Monitor object at 0x7fb53c1e57f0>, multiSample=False, name='window1', numSamples=2, pos=(495, 343), screen=0, size=array([1920, 1080]), stencilBits=0, stereo=False, units='height', useFBO=True, useRetina=True, viewOri=0.0, viewPos=None, viewScale=None, waitBlanking=True, winType='pyglet')
5.0453 	EXP 	window1: mouseVisible = True
5.0454 	EXP 	window1: mouseVisible = True
5.0454 	EXP 	window1: Attempting to measure frame rate of screen (0) ...
5.0454 	EXP 	window1: recordFrameIntervals = False
5.2119 	EXP 	window1: recordFrameIntervals = True
5.3958 	EXP 	Screen (0) actual frame rate measured at 59.93Hz
5.3958 	EXP 	window1: recordFrameIntervals = False
5.4507 	WARNING 	launchHubServer: If using the iohub mouse or eyetracker devices, fullScr should be True.
7.0697 	EXP 	Created triggerSyncText = TextStim(__class__=<class 'psychopy.visual.text.TextStim'>, alignHoriz=method-wrapper(...), alignText='center', alignVert=method-wrapper(...), anchorHoriz='center', anchorVert='center', antialias=True, autoDraw=False, autoLog=True, bold=False, color=array([1, 1, 1]), colorSpace='rgb', contrast=1.0, depth=-1.0, flipHoriz=False, flipVert=False, font='Arial', fontFiles=[], height=0.05, italic=False, languageStyle='LTR', name='triggerSyncText', opacity=1.0, ori=0.0, pos=array([0., 0.]), rgb=UNKNOWN, text='', units='height', win=Window(...), wrapWidth=1)
7.0701 	EXP 	Created InstructionText = TextStim(__class__=<class 'psychopy.visual.text.TextStim'>, alignHoriz=method-wrapper(...), alignText='center', alignVert=method-wrapper(...), anchorHoriz='center', anchorVert='center', antialias=True, autoDraw=False, autoLog=True, bold=False, color=array([1, 1, 1]), colorSpace='rgb', contrast=1.0, depth=-1.0, flipHoriz=False, flipVert=False, font='Arial', fontFiles=[], height=0.05, italic=False, languageStyle='LTR', name='InstructionText', opacity=1.0, ori=0.0, pos=array([0., 0.]), rgb=UNKNOWN, text='', units='height', win=Window(...), wrapWidth=1)
7.0747 	EXP 	Created encodeTrialRun1_Image = ImageStim(__class__=<class 'psychopy.visual.image.ImageStim'>, anchor=('center', 'center'), autoLog=True, color=array([1, 1, 1]), colorSpace='rgb', contrast=1.0, depth=-1.0, flipHoriz=False, flipVert=False, image='sin', interpolate=True, mask=None, maskParams=None, name='encodeTrialRun1_Image', opacity=1.0, ori=0.0, pos=array([0., 0.]), size=array([1.33, 1.  ]), texRes=128.0, units='height', win=Window(...))
7.0763 	EXP 	Created encodeFixationText_Run1 = TextStim(__class__=<class 'psychopy.visual.text.TextStim'>, alignHoriz=method-wrapper(...), alignText='center', alignVert=method-wrapper(...), anchorHoriz='center', anchorVert='center', antialias=True, autoDraw=False, autoLog=True, bold=False, color=array([1, 1, 1]), colorSpace='rgb', contrast=1.0, depth=-2.0, flipHoriz=False, flipVert=False, font='Open Sans', fontFiles=[], height=0.05, italic=False, languageStyle='LTR', name='encodeFixationText_Run1', opacity=1.0, ori=0.0, pos=array([0., 0.]), rgb=UNKNOWN, text='', units='height', win=Window(...), wrapWidth=1)
7.0766 	EXP 	Created InstructionText = TextStim(__class__=<class 'psychopy.visual.text.TextStim'>, alignHoriz=method-wrapper(...), alignText='center', alignVert=method-wrapper(...), anchorHoriz='center', anchorVert='center', antialias=True, autoDraw=False, autoLog=True, bold=False, color=array([1, 1, 1]), colorSpace='rgb', contrast=1.0, depth=-1.0, flipHoriz=False, flipVert=False, font='Arial', fontFiles=[], height=0.05, italic=False, languageStyle='LTR', name='InstructionText', opacity=1.0, ori=0.0, pos=array([0., 0.]), rgb=UNKNOWN, text='', units='height', win=Window(...), wrapWidth=1)
7.0794 	EXP 	Created recogTrialRun1_Image = ImageStim(__class__=<class 'psychopy.visual.image.ImageStim'>, anchor=('center', 'center'), autoLog=True, color=array([1, 1, 1]), colorSpace='rgb', contrast=1.0, depth=-1.0, flipHoriz=False, flipVert=False, image='sin', interpolate=True, mask=None, maskParams=None, name='recogTrialRun1_Image', opacity=1.0, ori=0.0, pos=array([0., 0.]), size=array([1.33, 1.  ]), texRes=128.0, units='height', win=Window(...))
7.0797 	EXP 	Created recogFixationText_Run1 = TextStim(__class__=<class 'psychopy.visual.text.TextStim'>, alignHoriz=method-wrapper(...), alignText='center', alignVert=method-wrapper(...), anchorHoriz='center', anchorVert='center', antialias=True, autoDraw=False, autoLog=True, bold=False, color=array([1, 1, 1]), colorSpace='rgb', contrast=1.0, depth=-2.0, flipHoriz=False, flipVert=False, font='Open Sans', fontFiles=[], height=0.05, italic=False, languageStyle='LTR', name='recogFixationText_Run1', opacity=1.0, ori=0.0, pos=array([0., 0.]), rgb=UNKNOWN, text='', units='height', win=Window(...), wrapWidth=1)
7.0804 	EXP 	Created sequence: sequential, trialTypes=1, nReps=1, seed=None
7.0805 	EXP 	New trial (rep=0, index=0): None
7.1057 	EXP 	triggerSyncText: height = 0.05
7.1057 	EXP 	triggerSyncText: height = 0.05
7.1057 	EXP 	triggerSyncText: height = 0.05
7.1057 	EXP 	triggerSyncText: text = 'Waiting for scanner...'
7.1057 	EXP 	triggerSyncText: autoDraw = True
8.9102 	EXP 	Created sequence: sequential, trialTypes=1, nReps=3, seed=None
8.9104 	EXP 	New trial (rep=0, index=0): None
8.9297 	DATA 	Keypress: 5
8.9326 	EXP 	triggerSyncText: autoDraw = False
8.9326 	EXP 	InstructionText: autoDraw = True
18.9115 	EXP 	Created sequence: sequential, trialTypes=1, nReps=12, seed=None
18.9118 	EXP 	New trial (rep=0, index=0): None
18.9413 	EXP 	InstructionText: autoDraw = False
18.9413 	EXP 	encodeTrialRun1_Image: autoDraw = True
19.9098 	EXP 	encodeFixationText_Run1: autoDraw = True
19.9433 	EXP 	encodeTrialRun1_Image: autoDraw = False
21.8956 	EXP 	New trial (rep=1, index=0): None
21.9103 	EXP 	encodeFixationText_Run1: autoDraw = False
21.9103 	EXP 	encodeTrialRun1_Image: autoDraw = False
21.9103 	EXP 	encodeFixationText_Run1: autoDraw = False
21.9103 	EXP 	encodeTrialRun1_Image: autoDraw = True
22.9103 	EXP 	encodeTrialRun1_Image: autoDraw = False
22.9103 	EXP 	encodeFixationText_Run1: autoDraw = True
24.8956 	EXP 	New trial (rep=2, index=0): None
24.9103 	EXP 	encodeFixationText_Run1: autoDraw = False
24.9103 	EXP 	encodeTrialRun1_Image: autoDraw = False
24.9103 	EXP 	encodeFixationText_Run1: autoDraw = False
24.9103 	EXP 	encodeTrialRun1_Image: autoDraw = True
25.9102 	EXP 	encodeTrialRun1_Image: autoDraw = False
25.9102 	EXP 	encodeFixationText_Run1: autoDraw = True
27.8952 	EXP 	New trial (rep=3, index=0): None
27.9103 	EXP 	encodeFixationText_Run1: autoDraw = False
27.9103 	EXP 	encodeTrialRun1_Image: autoDraw = False
27.9103 	EXP 	encodeFixationText_Run1: autoDraw = False
27.9103 	EXP 	encodeTrialRun1_Image: autoDraw = True
28.9103 	EXP 	encodeTrialRun1_Image: autoDraw = False
28.9103 	EXP 	encodeFixationText_Run1: autoDraw = True
30.8954 	EXP 	New trial (rep=4, index=0): None
30.9106 	EXP 	encodeFixationText_Run1: autoDraw = False
30.9106 	EXP 	encodeTrialRun1_Image: autoDraw = False
30.9106 	EXP 	encodeFixationText_Run1: autoDraw = False
30.9106 	EXP 	encodeTrialRun1_Image: autoDraw = True
31.9101 	EXP 	encodeTrialRun1_Image: autoDraw = False
31.9101 	EXP 	encodeFixationText_Run1: autoDraw = True
33.8951 	EXP 	New trial (rep=5, index=0): None
33.9104 	EXP 	encodeFixationText_Run1: autoDraw = False
33.9104 	EXP 	encodeTrialRun1_Image: autoDraw = False
33.9104 	EXP 	encodeFixationText_Run1: autoDraw = False
33.9104 	EXP 	encodeTrialRun1_Image: autoDraw = True
34.9100 	EXP 	encodeTrialRun1_Image: autoDraw = False
34.9100 	EXP 	encodeFixationText_Run1: autoDraw = True
36.8948 	EXP 	New trial (rep=6, index=0): None
36.9100 	EXP 	encodeFixationText_Run1: autoDraw = False
36.9100 	EXP 	encodeTrialRun1_Image: autoDraw = False
36.9100 	EXP 	encodeFixationText_Run1: autoDraw = False
36.9100 	EXP 	encodeTrialRun1_Image: autoDraw = True
37.9101 	EXP 	encodeTrialRun1_Image: autoDraw = False
37.9101 	EXP 	encodeFixationText_Run1: autoDraw = True
39.8955 	EXP 	New trial (rep=7, index=0): None
39.9103 	EXP 	encodeFixationText_Run1: autoDraw = False
39.9103 	EXP 	encodeTrialRun1_Image: autoDraw = False
39.9103 	EXP 	encodeFixationText_Run1: autoDraw = False
39.9103 	EXP 	encodeTrialRun1_Image: autoDraw = True
40.9103 	EXP 	encodeTrialRun1_Image: autoDraw = False
40.9103 	EXP 	encodeFixationText_Run1: autoDraw = True
42.8947 	EXP 	New trial (rep=8, index=0): None
42.9105 	EXP 	encodeFixationText_Run1: autoDraw = False
42.9105 	EXP 	encodeTrialRun1_Image: autoDraw = False
42.9105 	EXP 	encodeFixationText_Run1: autoDraw = False
42.9105 	EXP 	encodeTrialRun1_Image: autoDraw = True
43.9094 	EXP 	encodeTrialRun1_Image: autoDraw = False
43.9094 	EXP 	encodeFixationText_Run1: autoDraw = True
45.8950 	EXP 	New trial (rep=9, index=0): None
45.9117 	EXP 	encodeFixationText_Run1: autoDraw = False
45.9117 	EXP 	encodeTrialRun1_Image: autoDraw = False
45.9117 	EXP 	encodeFixationText_Run1: autoDraw = False
45.9117 	EXP 	encodeTrialRun1_Image: autoDraw = True
46.9096 	EXP 	encodeFixationText_Run1: autoDraw = True
46.9264 	EXP 	encodeTrialRun1_Image: autoDraw = False
48.8946 	EXP 	New trial (rep=10, index=0): None
48.9105 	EXP 	encodeFixationText_Run1: autoDraw = False
48.9105 	EXP 	encodeTrialRun1_Image: autoDraw = False
48.9105 	EXP 	encodeFixationText_Run1: autoDraw = False
48.9105 	EXP 	encodeTrialRun1_Image: autoDraw = True
49.9100 	EXP 	encodeTrialRun1_Image: autoDraw = False
49.9100 	EXP 	encodeFixationText_Run1: autoDraw = True
51.8954 	EXP 	New trial (rep=11, index=0): None
51.9096 	EXP 	encodeFixationText_Run1: autoDraw = False
51.9096 	EXP 	encodeTrialRun1_Image: autoDraw = False
51.9096 	EXP 	encodeFixationText_Run1: autoDraw = False
51.9096 	EXP 	encodeTrialRun1_Image: autoDraw = True
52.9100 	EXP 	encodeTrialRun1_Image: autoDraw = False
52.9100 	EXP 	encodeFixationText_Run1: autoDraw = True
54.9100 	EXP 	encodeFixationText_Run1: autoDraw = False
54.9100 	EXP 	encodeTrialRun1_Image: autoDraw = False
54.9100 	EXP 	encodeFixationText_Run1: autoDraw = False
54.9100 	EXP 	InstructionText: autoDraw = True
64.8953 	EXP 	Created sequence: sequential, trialTypes=1, nReps=12, seed=None
64.8956 	EXP 	New trial (rep=0, index=0): None
64.9108 	EXP 	InstructionText: autoDraw = False
64.9108 	EXP 	InstructionText: autoDraw = False
64.9108 	EXP 	recogTrialRun1_Image: autoDraw = True
65.9102 	EXP 	recogFixationText_Run1: autoDraw = True
65.9266 	EXP 	recogTrialRun1_Image: autoDraw = False
67.8952 	EXP 	New trial (rep=1, index=0): None
67.9105 	EXP 	recogFixationText_Run1: autoDraw = False
67.9105 	EXP 	recogTrialRun1_Image: autoDraw = False
67.9105 	EXP 	recogFixationText_Run1: autoDraw = False
67.9105 	EXP 	recogTrialRun1_Image: autoDraw = True
68.9099 	EXP 	recogTrialRun1_Image: autoDraw = False
68.9099 	EXP 	recogFixationText_Run1: autoDraw = True
70.8951 	EXP 	New trial (rep=2, index=0): None
70.9107 	EXP 	recogFixationText_Run1: autoDraw = False
70.9107 	EXP 	recogTrialRun1_Image: autoDraw = False
70.9107 	EXP 	recogFixationText_Run1: autoDraw = False
70.9107 	EXP 	recogTrialRun1_Image: autoDraw = True
71.9097 	EXP 	recogTrialRun1_Image: autoDraw = False
71.9097 	EXP 	recogFixationText_Run1: autoDraw = True
73.8952 	EXP 	New trial (rep=3, index=0): None
73.9104 	EXP 	recogFixationText_Run1: autoDraw = False
73.9104 	EXP 	recogTrialRun1_Image: autoDraw = False
73.9104 	EXP 	recogFixationText_Run1: autoDraw = False
73.9104 	EXP 	recogTrialRun1_Image: autoDraw = True
74.9102 	EXP 	recogTrialRun1_Image: autoDraw = False
74.9102 	EXP 	recogFixationText_Run1: autoDraw = True
76.8958 	EXP 	New trial (rep=4, index=0): None
76.9102 	EXP 	recogFixationText_Run1: autoDraw = False
76.9102 	EXP 	recogTrialRun1_Image: autoDraw = False
76.9102 	EXP 	recogFixationText_Run1: autoDraw = False
76.9102 	EXP 	recogTrialRun1_Image: autoDraw = True
77.9099 	EXP 	recogTrialRun1_Image: autoDraw = False
77.9099 	EXP 	recogFixationText_Run1: autoDraw = True
79.8960 	EXP 	New trial (rep=5, index=0): None
79.9102 	EXP 	recogFixationText_Run1: autoDraw = False
79.9102 	EXP 	recogTrialRun1_Image: autoDraw = False
79.9102 	EXP 	recogFixationText_Run1: autoDraw = False
79.9102 	EXP 	recogTrialRun1_Image: autoDraw = True
80.9098 	EXP 	recogTrialRun1_Image: autoDraw = False
80.9098 	EXP 	recogFixationText_Run1: autoDraw = True
82.8964 	EXP 	New trial (rep=6, index=0): None
82.9099 	EXP 	recogFixationText_Run1: autoDraw = False
82.9099 	EXP 	recogTrialRun1_Image: autoDraw = False
82.9099 	EXP 	recogFixationText_Run1: autoDraw = False
82.9099 	EXP 	recogTrialRun1_Image: autoDraw = True
83.9101 	EXP 	recogTrialRun1_Image: autoDraw = False
83.9101 	EXP 	recogFixationText_Run1: autoDraw = True
85.8963 	EXP 	New trial (rep=7, index=0): None
85.9099 	EXP 	recogFixationText_Run1: autoDraw = False
85.9099 	EXP 	recogTrialRun1_Image: autoDraw = False
85.9099 	EXP 	recogFixationText_Run1: autoDraw = False
85.9099 	EXP 	recogTrialRun1_Image: autoDraw = True
86.9097 	EXP 	recogTrialRun1_Image: autoDraw = False
86.9097 	EXP 	recogFixationText_Run1: autoDraw = True
88.8955 	EXP 	New trial (rep=8, index=0): None
88.9105 	EXP 	recogFixationText_Run1: autoDraw = False
88.9105 	EXP 	recogTrialRun1_Image: autoDraw = False
88.9105 	EXP 	recogFixationText_Run1: autoDraw = False
88.9105 	EXP 	recogTrialRun1_Image: autoDraw = True
89.9097 	EXP 	recogTrialRun1_Image: autoDraw = False
89.9097 	EXP 	recogFixationText_Run1: autoDraw = True
91.8955 	EXP 	New trial (rep=9, index=0): None
91.9110 	EXP 	recogFixationText_Run1: autoDraw = False
91.9110 	EXP 	recogTrialRun1_Image: autoDraw = False
91.9110 	EXP 	recogFixationText_Run1: autoDraw = False
91.9110 	EXP 	recogTrialRun1_Image: autoDraw = True
92.9101 	EXP 	recogTrialRun1_Image: autoDraw = False
92.9101 	EXP 	recogFixationText_Run1: autoDraw = True
94.8948 	EXP 	New trial (rep=10, index=0): None
94.9106 	EXP 	recogFixationText_Run1: autoDraw = False
94.9106 	EXP 	recogTrialRun1_Image: autoDraw = False
94.9106 	EXP 	recogFixationText_Run1: autoDraw = False
94.9106 	EXP 	recogTrialRun1_Image: autoDraw = True
95.9101 	EXP 	recogTrialRun1_Image: autoDraw = False
95.9101 	EXP 	recogFixationText_Run1: autoDraw = True
97.8941 	EXP 	New trial (rep=11, index=0): None
97.9103 	EXP 	recogFixationText_Run1: autoDraw = False
97.9103 	EXP 	recogTrialRun1_Image: autoDraw = False
97.9103 	EXP 	recogFixationText_Run1: autoDraw = False
97.9103 	EXP 	recogTrialRun1_Image: autoDraw = True
98.9101 	EXP 	recogTrialRun1_Image: autoDraw = False
98.9101 	EXP 	recogFixationText_Run1: autoDraw = True
100.8968 	EXP 	New trial (rep=1, index=0): None
100.9104 	EXP 	recogFixationText_Run1: autoDraw = False
100.9104 	EXP 	recogTrialRun1_Image: autoDraw = False
100.9104 	EXP 	recogFixationText_Run1: autoDraw = False
100.9104 	EXP 	InstructionText: autoDraw = True
110.8950 	EXP 	Created sequence: sequential, trialTypes=1, nReps=12, seed=None
110.8952 	EXP 	New trial (rep=0, index=0): None
110.9099 	EXP 	InstructionText: autoDraw = False
110.9099 	EXP 	InstructionText: autoDraw = False
110.9099 	EXP 	encodeTrialRun1_Image: autoDraw = True
111.9099 	EXP 	encodeTrialRun1_Image: autoDraw = False
111.9099 	EXP 	encodeFixationText_Run1: autoDraw = True
113.8954 	EXP 	New trial (rep=1, index=0): None
113.9105 	EXP 	encodeFixationText_Run1: autoDraw = False
113.9105 	EXP 	encodeTrialRun1_Image: autoDraw = False
113.9105 	EXP 	encodeFixationText_Run1: autoDraw = False
113.9105 	EXP 	encodeTrialRun1_Image: autoDraw = True
114.9101 	EXP 	encodeTrialRun1_Image: autoDraw = False
114.9101 	EXP 	encodeFixationText_Run1: autoDraw = True
116.8948 	EXP 	New trial (rep=2, index=0): None
116.9102 	EXP 	encodeFixationText_Run1: autoDraw = False
116.9102 	EXP 	encodeTrialRun1_Image: autoDraw = False
116.9102 	EXP 	encodeFixationText_Run1: autoDraw = False
116.9102 	EXP 	encodeTrialRun1_Image: autoDraw = True
117.9100 	EXP 	encodeTrialRun1_Image: autoDraw = False
117.9100 	EXP 	encodeFixationText_Run1: autoDraw = True
119.8956 	EXP 	New trial (rep=3, index=0): None
119.9106 	EXP 	encodeFixationText_Run1: autoDraw = False
119.9106 	EXP 	encodeTrialRun1_Image: autoDraw = False
119.9106 	EXP 	encodeFixationText_Run1: autoDraw = False
119.9106 	EXP 	encodeTrialRun1_Image: autoDraw = True
120.9099 	EXP 	encodeTrialRun1_Image: autoDraw = False
120.9099 	EXP 	encodeFixationText_Run1: autoDraw = True
122.8951 	EXP 	New trial (rep=4, index=0): None
122.9105 	EXP 	encodeFixationText_Run1: autoDraw = False
122.9105 	EXP 	encodeTrialRun1_Image: autoDraw = False
122.9105 	EXP 	encodeFixationText_Run1: autoDraw = False
122.9105 	EXP 	encodeTrialRun1_Image: autoDraw = True
123.9097 	EXP 	encodeTrialRun1_Image: autoDraw = False
123.9097 	EXP 	encodeFixationText_Run1: autoDraw = True
125.8949 	EXP 	New trial (rep=5, index=0): None
125.9105 	EXP 	encodeFixationText_Run1: autoDraw = False
125.9105 	EXP 	encodeTrialRun1_Image: autoDraw = False
125.9105 	EXP 	encodeFixationText_Run1: autoDraw = False
125.9105 	EXP 	encodeTrialRun1_Image: autoDraw = True
126.9101 	EXP 	encodeTrialRun1_Image: autoDraw = False
126.9101 	EXP 	encodeFixationText_Run1: autoDraw = True
128.8959 	EXP 	New trial (rep=6, index=0): None
128.9102 	EXP 	encodeFixationText_Run1: autoDraw = False
128.9102 	EXP 	encodeTrialRun1_Image: autoDraw = False
128.9102 	EXP 	encodeFixationText_Run1: autoDraw = False
128.9102 	EXP 	encodeTrialRun1_Image: autoDraw = True
129.9098 	EXP 	encodeTrialRun1_Image: autoDraw = False
129.9098 	EXP 	encodeFixationText_Run1: autoDraw = True
131.8952 	EXP 	New trial (rep=7, index=0): None
131.9098 	EXP 	encodeFixationText_Run1: autoDraw = False
131.9098 	EXP 	encodeTrialRun1_Image: autoDraw = False
131.9098 	EXP 	encodeFixationText_Run1: autoDraw = False
131.9098 	EXP 	encodeTrialRun1_Image: autoDraw = True
132.9102 	EXP 	encodeTrialRun1_Image: autoDraw = False
132.9102 	EXP 	encodeFixationText_Run1: autoDraw = True
134.8952 	EXP 	New trial (rep=8, index=0): None
134.9106 	EXP 	encodeFixationText_Run1: autoDraw = False
134.9106 	EXP 	encodeTrialRun1_Image: autoDraw = False
134.9106 	EXP 	encodeFixationText_Run1: autoDraw = False
134.9106 	EXP 	encodeTrialRun1_Image: autoDraw = True
135.9100 	EXP 	encodeFixationText_Run1: autoDraw = True
135.9268 	EXP 	encodeTrialRun1_Image: autoDraw = False
137.8950 	EXP 	New trial (rep=9, index=0): None
137.9107 	EXP 	encodeFixationText_Run1: autoDraw = False
137.9107 	EXP 	encodeTrialRun1_Image: autoDraw = False
137.9107 	EXP 	encodeFixationText_Run1: autoDraw = False
137.9107 	EXP 	encodeTrialRun1_Image: autoDraw = True
138.9101 	EXP 	encodeTrialRun1_Image: autoDraw = False
138.9101 	EXP 	encodeFixationText_Run1: autoDraw = True
140.8959 	EXP 	New trial (rep=10, index=0): None
140.9104 	EXP 	encodeFixationText_Run1: autoDraw = False
140.9104 	EXP 	encodeTrialRun1_Image: autoDraw = False
140.9104 	EXP 	encodeFixationText_Run1: autoDraw = False
140.9104 	EXP 	encodeTrialRun1_Image: autoDraw = True
141.9102 	EXP 	encodeTrialRun1_Image: autoDraw = False
141.9102 	EXP 	encodeFixationText_Run1: autoDraw = True
143.8951 	EXP 	New trial (rep=11, index=0): None
143.9101 	EXP 	encodeFixationText_Run1: autoDraw = False
143.9101 	EXP 	encodeTrialRun1_Image: autoDraw = False
143.9101 	EXP 	encodeFixationText_Run1: autoDraw = False
143.9101 	EXP 	encodeTrialRun1_Image: autoDraw = True
144.9101 	EXP 	encodeTrialRun1_Image: autoDraw = False
144.9101 	EXP 	encodeFixationText_Run1: autoDraw = True
146.9108 	EXP 	encodeFixationText_Run1: autoDraw = False
146.9108 	EXP 	encodeTrialRun1_Image: autoDraw = False
146.9108 	EXP 	encodeFixationText_Run1: autoDraw = False
146.9108 	EXP 	InstructionText: autoDraw = True
156.8952 	EXP 	Created sequence: sequential, trialTypes=1, nReps=12, seed=None
156.8955 	EXP 	New trial (rep=0, index=0): None
156.9101 	EXP 	InstructionText: autoDraw = False
156.9101 	EXP 	InstructionText: autoDraw = False
156.9101 	EXP 	recogTrialRun1_Image: autoDraw = True
157.9102 	EXP 	recogTrialRun1_Image: autoDraw = False
157.9102 	EXP 	recogFixationText_Run1: autoDraw = True
159.8955 	EXP 	New trial (rep=1, index=0): None
159.9104 	EXP 	recogFixationText_Run1: autoDraw = False
159.9104 	EXP 	recogTrialRun1_Image: autoDraw = False
159.9104 	EXP 	recogFixationText_Run1: autoDraw = False
159.9104 	EXP 	recogTrialRun1_Image: autoDraw = True
160.9098 	EXP 	recogTrialRun1_Image: autoDraw = False
160.9098 	EXP 	recogFixationText_Run1: autoDraw = True
162.8957 	EXP 	New trial (rep=2, index=0): None
162.9104 	EXP 	recogFixationText_Run1: autoDraw = False
162.9104 	EXP 	recogTrialRun1_Image: autoDraw = False
162.9104 	EXP 	recogFixationText_Run1: autoDraw = False
162.9104 	EXP 	recogTrialRun1_Image: autoDraw = True
163.9099 	EXP 	recogTrialRun1_Image: autoDraw = False
163.9099 	EXP 	recogFixationText_Run1: autoDraw = True
165.8952 	EXP 	New trial (rep=3, index=0): None
165.9104 	EXP 	recogFixationText_Run1: autoDraw = False
165.9104 	EXP 	recogTrialRun1_Image: autoDraw = False
165.9104 	EXP 	recogFixationText_Run1: autoDraw = False
165.9104 	EXP 	recogTrialRun1_Image: autoDraw = True
166.9100 	EXP 	recogTrialRun1_Image: autoDraw = False
166.9100 	EXP 	recogFixationText_Run1: autoDraw = True
168.8952 	EXP 	New trial (rep=4, index=0): None
168.9105 	EXP 	recogFixationText_Run1: autoDraw = False
168.9105 	EXP 	recogTrialRun1_Image: autoDraw = False
168.9105 	EXP 	recogFixationText_Run1: autoDraw = False
168.9105 	EXP 	recogTrialRun1_Image: autoDraw = True
169.9096 	EXP 	recogTrialRun1_Image: autoDraw = False
169.9096 	EXP 	recogFixationText_Run1: autoDraw = True
171.8954 	EXP 	New trial (rep=5, index=0): None
171.9105 	EXP 	recogFixationText_Run1: autoDraw = False
171.9105 	EXP 	recogTrialRun1_Image: autoDraw = False
171.9105 	EXP 	recogFixationText_Run1: autoDraw = False
171.9105 	EXP 	recogTrialRun1_Image: autoDraw = True
172.9100 	EXP 	recogTrialRun1_Image: autoDraw = False
172.9100 	EXP 	recogFixationText_Run1: autoDraw = True
174.8950 	EXP 	New trial (rep=6, index=0): None
174.9108 	EXP 	recogFixationText_Run1: autoDraw = False
174.9108 	EXP 	recogTrialRun1_Image: autoDraw = False
174.9108 	EXP 	recogFixationText_Run1: autoDraw = False
174.9108 	EXP 	recogTrialRun1_Image: autoDraw = True
175.9103 	EXP 	recogTrialRun1_Image: autoDraw = False
175.9103 	EXP 	recogFixationText_Run1: autoDraw = True
177.8954 	EXP 	New trial (rep=7, index=0): None
177.9106 	EXP 	recogFixationText_Run1: autoDraw = False
177.9106 	EXP 	recogTrialRun1_Image: autoDraw = False
177.9106 	EXP 	recogFixationText_Run1: autoDraw = False
177.9106 	EXP 	recogTrialRun1_Image: autoDraw = True
178.9100 	EXP 	recogTrialRun1_Image: autoDraw = False
178.9100 	EXP 	recogFixationText_Run1: autoDraw = True
180.8955 	EXP 	New trial (rep=8, index=0): None
180.9104 	EXP 	recogFixationText_Run1: autoDraw = False
180.9104 	EXP 	recogTrialRun1_Image: autoDraw = False
180.9104 	EXP 	recogFixationText_Run1: autoDraw = False
180.9104 	EXP 	recogTrialRun1_Image: autoDraw = True
181.9101 	EXP 	recogTrialRun1_Image: autoDraw = False
181.9101 	EXP 	recogFixationText_Run1: autoDraw = True
183.8952 	EXP 	New trial (rep=9, index=0): None
183.9098 	EXP 	recogFixationText_Run1: autoDraw = False
183.9098 	EXP 	recogTrialRun1_Image: autoDraw = False
183.9098 	EXP 	recogFixationText_Run1: autoDraw = False
183.9098 	EXP 	recogTrialRun1_Image: autoDraw = True
184.9098 	EXP 	recogTrialRun1_Image: autoDraw = False
184.9098 	EXP 	recogFixationText_Run1: autoDraw = True
186.8953 	EXP 	New trial (rep=10, index=0): None
186.9104 	EXP 	recogFixationText_Run1: autoDraw = False
186.9104 	EXP 	recogTrialRun1_Image: autoDraw = False
186.9104 	EXP 	recogFixationText_Run1: autoDraw = False
186.9104 	EXP 	recogTrialRun1_Image: autoDraw = True
187.9101 	EXP 	recogTrialRun1_Image: autoDraw = False
187.9101 	EXP 	recogFixationText_Run1: autoDraw = True
189.8952 	EXP 	New trial (rep=11, index=0): None
189.9107 	EXP 	recogFixationText_Run1: autoDraw = False
189.9107 	EXP 	recogTrialRun1_Image: autoDraw = False
189.9107 	EXP 	recogFixationText_Run1: autoDraw = False
189.9107 	EXP 	recogTrialRun1_Image: autoDraw = True
190.9099 	EXP 	recogTrialRun1_Image: autoDraw = False
190.9099 	EXP 	recogFixationText_Run1: autoDraw = True
192.8954 	EXP 	New trial (rep=2, index=0): None
192.9101 	EXP 	recogFixationText_Run1: autoDraw = False
192.9101 	EXP 	recogTrialRun1_Image: autoDraw = False
192.9101 	EXP 	recogFixationText_Run1: autoDraw = False
192.9101 	EXP 	InstructionText: autoDraw = True
202.8949 	EXP 	Created sequence: sequential, trialTypes=1, nReps=12, seed=None
202.8952 	EXP 	New trial (rep=0, index=0): None
202.9100 	EXP 	InstructionText: autoDraw = False
202.9100 	EXP 	InstructionText: autoDraw = False
202.9100 	EXP 	encodeTrialRun1_Image: autoDraw = True
203.9100 	EXP 	encodeTrialRun1_Image: autoDraw = False
203.9100 	EXP 	encodeFixationText_Run1: autoDraw = True
205.8954 	EXP 	New trial (rep=1, index=0): None
205.9101 	EXP 	encodeFixationText_Run1: autoDraw = False
205.9101 	EXP 	encodeTrialRun1_Image: autoDraw = False
205.9101 	EXP 	encodeFixationText_Run1: autoDraw = False
205.9101 	EXP 	encodeTrialRun1_Image: autoDraw = True
206.9103 	EXP 	encodeTrialRun1_Image: autoDraw = False
206.9103 	EXP 	encodeFixationText_Run1: autoDraw = True
208.8954 	EXP 	New trial (rep=2, index=0): None
208.9099 	EXP 	encodeFixationText_Run1: autoDraw = False
208.9099 	EXP 	encodeTrialRun1_Image: autoDraw = False
208.9099 	EXP 	encodeFixationText_Run1: autoDraw = False
208.9099 	EXP 	encodeTrialRun1_Image: autoDraw = True
209.9096 	EXP 	encodeTrialRun1_Image: autoDraw = False
209.9096 	EXP 	encodeFixationText_Run1: autoDraw = True
211.8950 	EXP 	New trial (rep=3, index=0): None
211.9108 	EXP 	encodeFixationText_Run1: autoDraw = False
211.9108 	EXP 	encodeTrialRun1_Image: autoDraw = False
211.9108 	EXP 	encodeFixationText_Run1: autoDraw = False
211.9108 	EXP 	encodeTrialRun1_Image: autoDraw = True
212.9097 	EXP 	encodeTrialRun1_Image: autoDraw = False
212.9097 	EXP 	encodeFixationText_Run1: autoDraw = True
214.8952 	EXP 	New trial (rep=4, index=0): None
214.9104 	EXP 	encodeFixationText_Run1: autoDraw = False
214.9104 	EXP 	encodeTrialRun1_Image: autoDraw = False
214.9104 	EXP 	encodeFixationText_Run1: autoDraw = False
214.9104 	EXP 	encodeTrialRun1_Image: autoDraw = True
215.9100 	EXP 	encodeTrialRun1_Image: autoDraw = False
215.9100 	EXP 	encodeFixationText_Run1: autoDraw = True
217.8941 	EXP 	New trial (rep=5, index=0): None
217.9106 	EXP 	encodeFixationText_Run1: autoDraw = False
217.9106 	EXP 	encodeTrialRun1_Image: autoDraw = False
217.9106 	EXP 	encodeFixationText_Run1: autoDraw = False
217.9106 	EXP 	encodeTrialRun1_Image: autoDraw = True
218.9098 	EXP 	encodeTrialRun1_Image: autoDraw = False
218.9098 	EXP 	encodeFixationText_Run1: autoDraw = True
220.8958 	EXP 	New trial (rep=6, index=0): None
220.9102 	EXP 	encodeFixationText_Run1: autoDraw = False
220.9102 	EXP 	encodeTrialRun1_Image: autoDraw = False
220.9102 	EXP 	encodeFixationText_Run1: autoDraw = False
220.9102 	EXP 	encodeTrialRun1_Image: autoDraw = True
221.9098 	EXP 	encodeTrialRun1_Image: autoDraw = False
221.9098 	EXP 	encodeFixationText_Run1: autoDraw = True
223.8951 	EXP 	New trial (rep=7, index=0): None
223.9099 	EXP 	encodeFixationText_Run1: autoDraw = False
223.9099 	EXP 	encodeTrialRun1_Image: autoDraw = False
223.9099 	EXP 	encodeFixationText_Run1: autoDraw = False
223.9099 	EXP 	encodeTrialRun1_Image: autoDraw = True
224.9101 	EXP 	encodeTrialRun1_Image: autoDraw = False
224.9101 	EXP 	encodeFixationText_Run1: autoDraw = True
226.8952 	EXP 	New trial (rep=8, index=0): None
226.9104 	EXP 	encodeFixationText_Run1: autoDraw = False
226.9104 	EXP 	encodeTrialRun1_Image: autoDraw = False
226.9104 	EXP 	encodeFixationText_Run1: autoDraw = False
226.9104 	EXP 	encodeTrialRun1_Image: autoDraw = True
227.9100 	EXP 	encodeTrialRun1_Image: autoDraw = False
227.9100 	EXP 	encodeFixationText_Run1: autoDraw = True
229.8950 	EXP 	New trial (rep=9, index=0): None
229.9105 	EXP 	encodeFixationText_Run1: autoDraw = False
229.9105 	EXP 	encodeTrialRun1_Image: autoDraw = False
229.9105 	EXP 	encodeFixationText_Run1: autoDraw = False
229.9105 	EXP 	encodeTrialRun1_Image: autoDraw = True
230.9101 	EXP 	encodeTrialRun1_Image: autoDraw = False
230.9101 	EXP 	encodeFixationText_Run1: autoDraw = True
232.8951 	EXP 	New trial (rep=10, index=0): None
232.9104 	EXP 	encodeFixationText_Run1: autoDraw = False
232.9104 	EXP 	encodeTrialRun1_Image: autoDraw = False
232.9104 	EXP 	encodeFixationText_Run1: autoDraw = False
232.9104 	EXP 	encodeTrialRun1_Image: autoDraw = True
233.9101 	EXP 	encodeTrialRun1_Image: autoDraw = False
233.9101 	EXP 	encodeFixationText_Run1: autoDraw = True
235.8949 	EXP 	New trial (rep=11, index=0): None
235.9105 	EXP 	encodeFixationText_Run1: autoDraw = False
235.9105 	EXP 	encodeTrialRun1_Image: autoDraw = False
235.9105 	EXP 	encodeFixationText_Run1: autoDraw = False
235.9105 	EXP 	encodeTrialRun1_Image: autoDraw = True
236.9101 	EXP 	encodeTrialRun1_Image: autoDraw = False
236.9101 	EXP 	encodeFixationText_Run1: autoDraw = True
238.9108 	EXP 	encodeFixationText_Run1: autoDraw = False
238.9108 	EXP 	encodeTrialRun1_Image: autoDraw = False
238.9108 	EXP 	encodeFixationText_Run1: autoDraw = False
238.9108 	EXP 	InstructionText: autoDraw = True
248.8956 	EXP 	Created sequence: sequential, trialTypes=1, nReps=12, seed=None
248.8958 	EXP 	New trial (rep=0, index=0): None
248.9112 	EXP 	InstructionText: autoDraw = False
248.9112 	EXP 	InstructionText: autoDraw = False
248.9112 	EXP 	recogTrialRun1_Image: autoDraw = True
249.9109 	EXP 	recogTrialRun1_Image: autoDraw = False
249.9109 	EXP 	recogFixationText_Run1: autoDraw = True
251.8954 	EXP 	New trial (rep=1, index=0): None
251.9107 	EXP 	recogFixationText_Run1: autoDraw = False
251.9107 	EXP 	recogTrialRun1_Image: autoDraw = False
251.9107 	EXP 	recogFixationText_Run1: autoDraw = False
251.9107 	EXP 	recogTrialRun1_Image: autoDraw = True
252.9127 	EXP 	recogTrialRun1_Image: autoDraw = False
252.9127 	EXP 	recogFixationText_Run1: autoDraw = True
254.9011 	EXP 	New trial (rep=2, index=0): None
254.9255 	EXP 	recogFixationText_Run1: autoDraw = False
254.9255 	EXP 	recogTrialRun1_Image: autoDraw = False
254.9255 	EXP 	recogFixationText_Run1: autoDraw = False
254.9255 	EXP 	recogTrialRun1_Image: autoDraw = True
255.9122 	EXP 	recogFixationText_Run1: autoDraw = True
255.9277 	EXP 	recogTrialRun1_Image: autoDraw = False
257.9007 	EXP 	New trial (rep=3, index=0): None
257.9237 	EXP 	recogFixationText_Run1: autoDraw = False
257.9237 	EXP 	recogTrialRun1_Image: autoDraw = False
257.9237 	EXP 	recogFixationText_Run1: autoDraw = False
257.9237 	EXP 	recogTrialRun1_Image: autoDraw = True
258.9124 	EXP 	recogFixationText_Run1: autoDraw = True
258.9273 	EXP 	recogTrialRun1_Image: autoDraw = False
260.9007 	EXP 	New trial (rep=4, index=0): None
260.9221 	EXP 	recogFixationText_Run1: autoDraw = False
260.9221 	EXP 	recogTrialRun1_Image: autoDraw = False
260.9221 	EXP 	recogFixationText_Run1: autoDraw = False
260.9221 	EXP 	recogTrialRun1_Image: autoDraw = True
261.9113 	EXP 	recogFixationText_Run1: autoDraw = True
261.9282 	EXP 	recogTrialRun1_Image: autoDraw = False
263.9003 	EXP 	New trial (rep=5, index=0): None
263.9204 	EXP 	recogFixationText_Run1: autoDraw = False
263.9204 	EXP 	recogTrialRun1_Image: autoDraw = False
263.9204 	EXP 	recogFixationText_Run1: autoDraw = False
263.9204 	EXP 	recogTrialRun1_Image: autoDraw = True
264.9127 	EXP 	recogFixationText_Run1: autoDraw = True
264.9284 	EXP 	recogTrialRun1_Image: autoDraw = False
266.9001 	EXP 	New trial (rep=6, index=0): None
266.9219 	EXP 	recogFixationText_Run1: autoDraw = False
266.9219 	EXP 	recogTrialRun1_Image: autoDraw = False
266.9219 	EXP 	recogFixationText_Run1: autoDraw = False
266.9219 	EXP 	recogTrialRun1_Image: autoDraw = True
267.9113 	EXP 	recogFixationText_Run1: autoDraw = True
267.9282 	EXP 	recogTrialRun1_Image: autoDraw = False
269.9004 	EXP 	New trial (rep=7, index=0): None
269.9224 	EXP 	recogFixationText_Run1: autoDraw = False
269.9224 	EXP 	recogTrialRun1_Image: autoDraw = False
269.9224 	EXP 	recogFixationText_Run1: autoDraw = False
269.9224 	EXP 	recogTrialRun1_Image: autoDraw = True
270.9114 	EXP 	recogFixationText_Run1: autoDraw = True
270.9282 	EXP 	recogTrialRun1_Image: autoDraw = False
272.9002 	EXP 	New trial (rep=8, index=0): None
272.9219 	EXP 	recogFixationText_Run1: autoDraw = False
272.9219 	EXP 	recogTrialRun1_Image: autoDraw = False
272.9219 	EXP 	recogFixationText_Run1: autoDraw = False
272.9219 	EXP 	recogTrialRun1_Image: autoDraw = True
273.9115 	EXP 	recogFixationText_Run1: autoDraw = True
273.9282 	EXP 	recogTrialRun1_Image: autoDraw = False
275.9002 	EXP 	New trial (rep=9, index=0): None
275.9208 	EXP 	recogFixationText_Run1: autoDraw = False
275.9208 	EXP 	recogTrialRun1_Image: autoDraw = False
275.9208 	EXP 	recogFixationText_Run1: autoDraw = False
275.9208 	EXP 	recogTrialRun1_Image: autoDraw = True
276.9111 	EXP 	recogFixationText_Run1: autoDraw = True
276.9282 	EXP 	recogTrialRun1_Image: autoDraw = False
278.9009 	EXP 	New trial (rep=10, index=0): None
278.9236 	EXP 	recogFixationText_Run1: autoDraw = False
278.9236 	EXP 	recogTrialRun1_Image: autoDraw = False
278.9236 	EXP 	recogFixationText_Run1: autoDraw = False
278.9236 	EXP 	recogTrialRun1_Image: autoDraw = True
279.9112 	EXP 	recogFixationText_Run1: autoDraw = True
279.9279 	EXP 	recogTrialRun1_Image: autoDraw = False
281.9006 	EXP 	New trial (rep=11, index=0): None
281.9214 	EXP 	recogFixationText_Run1: autoDraw = False
281.9214 	EXP 	recogTrialRun1_Image: autoDraw = False
281.9214 	EXP 	recogFixationText_Run1: autoDraw = False
281.9214 	EXP 	recogTrialRun1_Image: autoDraw = True
282.9113 	EXP 	recogFixationText_Run1: autoDraw = True
282.9282 	EXP 	recogTrialRun1_Image: autoDraw = False
284.9142 	EXP 	recogFixationText_Run1: autoDraw = False
284.9142 	EXP 	recogTrialRun1_Image: autoDraw = False
284.9142 	EXP 	recogFixationText_Run1: autoDraw = False
284.9578 	EXP 	window1: mouseVisible = True
