1.1446 	WARNING 	We strongly recommend you activate the PTB sound engine in PsychoPy prefs as the preferred audio engine. Its timing is vastly superior. Your prefs are currently set to use ['sounddevice', 'PTB', 'pyo', 'pygame'] (in that order).
4.8771 	EXP 	Created window1 = Window(allowGUI=True, allowStencil=False, autoLog=True, backendConf=UNKNOWN, bitsMode=UNKNOWN, blendMode='avg', bpc=(8, 8, 8), color=array([0, 0, 0]), colorSpace='rgb', depthBits=8, fullscr=<method-wrapper '__getattribute__' of attributeSetter object at 0x7f7fbc392790>, gamma=None, gammaErrorPolicy='raise', lms=UNKNOWN, monitor=<psychopy.monitors.calibTools.Monitor object at 0x7f7f6f67a940>, multiSample=False, name='window1', numSamples=2, pos=(495, 343), screen=0, size=array([1920, 1080]), stencilBits=0, stereo=False, units='height', useFBO=True, useRetina=True, viewOri=0.0, viewPos=None, viewScale=None, waitBlanking=True, winType='pyglet')
4.8773 	EXP 	window1: mouseVisible = True
4.8775 	EXP 	window1: mouseVisible = True
4.8775 	EXP 	window1: Attempting to measure frame rate of screen (0) ...
4.8775 	EXP 	window1: recordFrameIntervals = False
5.0443 	EXP 	window1: recordFrameIntervals = True
5.2279 	EXP 	Screen (0) actual frame rate measured at 60.01Hz
5.2280 	EXP 	window1: recordFrameIntervals = False
5.2789 	WARNING 	launchHubServer: If using the iohub mouse or eyetracker devices, fullScr should be True.
6.9077 	EXP 	Created triggerSyncText = TextStim(__class__=<class 'psychopy.visual.text.TextStim'>, alignHoriz=method-wrapper(...), alignText='center', alignVert=method-wrapper(...), anchorHoriz='center', anchorVert='center', antialias=True, autoDraw=False, autoLog=True, bold=False, color=array([1, 1, 1]), colorSpace='rgb', contrast=1.0, depth=-1.0, flipHoriz=False, flipVert=False, font='Arial', fontFiles=[], height=0.05, italic=False, languageStyle='LTR', name='triggerSyncText', opacity=1.0, ori=0.0, pos=array([0., 0.]), rgb=UNKNOWN, text='', units='height', win=Window(...), wrapWidth=1)
6.9081 	EXP 	Created InstructionText = TextStim(__class__=<class 'psychopy.visual.text.TextStim'>, alignHoriz=method-wrapper(...), alignText='center', alignVert=method-wrapper(...), anchorHoriz='center', anchorVert='center', antialias=True, autoDraw=False, autoLog=True, bold=False, color=array([1, 1, 1]), colorSpace='rgb', contrast=1.0, depth=-1.0, flipHoriz=False, flipVert=False, font='Arial', fontFiles=[], height=0.05, italic=False, languageStyle='LTR', name='InstructionText', opacity=1.0, ori=0.0, pos=array([0., 0.]), rgb=UNKNOWN, text='', units='height', win=Window(...), wrapWidth=1)
6.9195 	EXP 	Created encodeTrialRun1_Image = ImageStim(__class__=<class 'psychopy.visual.image.ImageStim'>, anchor=('center', 'center'), autoLog=True, color=array([1, 1, 1]), colorSpace='rgb', contrast=1.0, depth=-1.0, flipHoriz=False, flipVert=False, image='sin', interpolate=True, mask=None, maskParams=None, name='encodeTrialRun1_Image', opacity=1.0, ori=0.0, pos=array([0., 0.]), size=array([1.33, 1.  ]), texRes=128.0, units='height', win=Window(...))
6.9210 	EXP 	Created encodeFixationText_Run1 = TextStim(__class__=<class 'psychopy.visual.text.TextStim'>, alignHoriz=method-wrapper(...), alignText='center', alignVert=method-wrapper(...), anchorHoriz='center', anchorVert='center', antialias=True, autoDraw=False, autoLog=True, bold=False, color=array([1, 1, 1]), colorSpace='rgb', contrast=1.0, depth=-2.0, flipHoriz=False, flipVert=False, font='Open Sans', fontFiles=[], height=0.05, italic=False, languageStyle='LTR', name='encodeFixationText_Run1', opacity=1.0, ori=0.0, pos=array([0., 0.]), rgb=UNKNOWN, text='', units='height', win=Window(...), wrapWidth=1)
6.9214 	EXP 	Created InstructionText = TextStim(__class__=<class 'psychopy.visual.text.TextStim'>, alignHoriz=method-wrapper(...), alignText='center', alignVert=method-wrapper(...), anchorHoriz='center', anchorVert='center', antialias=True, autoDraw=False, autoLog=True, bold=False, color=array([1, 1, 1]), colorSpace='rgb', contrast=1.0, depth=-1.0, flipHoriz=False, flipVert=False, font='Arial', fontFiles=[], height=0.05, italic=False, languageStyle='LTR', name='InstructionText', opacity=1.0, ori=0.0, pos=array([0., 0.]), rgb=UNKNOWN, text='', units='height', win=Window(...), wrapWidth=1)
6.9223 	EXP 	Created sequence: sequential, trialTypes=1, nReps=1, seed=None
6.9224 	EXP 	New trial (rep=0, index=0): None
6.9530 	EXP 	triggerSyncText: height = 0.05
6.9530 	EXP 	triggerSyncText: height = 0.05
6.9530 	EXP 	triggerSyncText: height = 0.05
6.9530 	EXP 	triggerSyncText: text = 'Waiting for scanner...'
6.9530 	EXP 	triggerSyncText: autoDraw = True
7.4173 	EXP 	Created sequence: sequential, trialTypes=1, nReps=1, seed=None
7.4175 	EXP 	New trial (rep=0, index=0): None
7.4253 	EXP 	window1: mouseVisible = True
